<?xml version="1.0" encoding="UTF-8"?>
<!-- Generated by org.testng.reporters.JUnitXMLReporter -->
<testsuite hostname="D3-Cihal" name="Default test" tests="12" failures="0" timestamp="11 Dec 2014 14:03:05 GMT" time="26.43" errors="0">
  <testcase name="verifyHomepageTitle" time="0.109" classname="com.d3.automation.D3AutomationDemo"/>
  <testcase name="verifyInvalidLogin" time="1.425" classname="com.d3.automation.D3AutomationDemo"/>
  <testcase name="verifyValidLogin" time="0.669" classname="com.d3.automation.D3AutomationDemo"/>
  <testcase name="verifySecretQuestion" time="0.328" classname="com.d3.automation.D3AutomationDemo"/>
  <testcase name="verifyPlanButton" time="1.813" classname="com.d3.automation.D3AutomationDemo"/>
  <testcase name="verifyMessagesButton" time="0.281" classname="com.d3.automation.D3AutomationDemo"/>
  <testcase name="verifyAccountsButton" time="0.234" classname="com.d3.automation.D3AutomationDemo"/>
  <testcase name="verifyTransactionsButton" time="0.203" classname="com.d3.automation.D3AutomationDemo"/>
  <testcase name="verifyMoneyMovementButton" time="0.296" classname="com.d3.automation.D3AutomationDemo"/>
  <testcase name="verifyPlanningButton" time="0.375" classname="com.d3.automation.D3AutomationDemo"/>
  <testcase name="verifyHelpButton" time="0.203" classname="com.d3.automation.D3AutomationDemo"/>
  <testcase name="verifySettingsButton" time="0.328" classname="com.d3.automation.D3AutomationDemo"/>
</testsuite> <!-- Default test -->
