<?xml version="1.0" encoding="UTF-8"?>
<testng-results skipped="0" failed="0" total="12" passed="12">
  <reporter-output>
  </reporter-output>
  <suite name="Default suite" duration-ms="19469" started-at="2014-12-10T19:22:45Z" finished-at="2014-12-10T19:23:04Z">
    <groups>
    </groups>
    <test name="Default test" duration-ms="19469" started-at="2014-12-10T19:22:45Z" finished-at="2014-12-10T19:23:04Z">
      <class name="com.d3.automation.D3AutomationDemo">
        <test-method status="PASS" signature="launchBrowser()[pri:0, instance:com.d3.automation.D3AutomationDemo@1c6a36e]" name="launchBrowser" is-config="true" duration-ms="6081" started-at="2014-12-10T13:22:45Z" finished-at="2014-12-10T13:22:51Z">
          <reporter-output>
          </reporter-output>
        </test-method> <!-- launchBrowser -->
        <test-method status="PASS" signature="verifyHomepageTitle()[pri:0, instance:com.d3.automation.D3AutomationDemo@1c6a36e]" name="verifyHomepageTitle" duration-ms="16" started-at="2014-12-10T13:22:51Z" finished-at="2014-12-10T13:22:51Z">
          <reporter-output>
          </reporter-output>
        </test-method> <!-- verifyHomepageTitle -->
        <test-method status="PASS" signature="updateTestRails(org.testng.ITestResult)[pri:0, instance:com.d3.automation.D3AutomationDemo@1c6a36e]" name="updateTestRails" is-config="true" duration-ms="1219" started-at="2014-12-10T13:22:51Z" finished-at="2014-12-10T13:22:52Z">
          <params>
            <param index="0">
              <value>
                <![CDATA[[TestResult name=verifyHomepageTitle status=SUCCESS method=D3AutomationDemo.verifyHomepageTitle()[pri:0, instance:com.d3.automation.D3AutomationDemo@1c6a36e] output={null}]]]>
              </value>
            </param>
          </params>
          <reporter-output>
          </reporter-output>
        </test-method> <!-- updateTestRails -->
        <test-method status="PASS" signature="verifyInvalidLogin()[pri:0, instance:com.d3.automation.D3AutomationDemo@1c6a36e]" name="verifyInvalidLogin" duration-ms="3039" started-at="2014-12-10T13:22:52Z" finished-at="2014-12-10T13:22:55Z">
          <reporter-output>
          </reporter-output>
        </test-method> <!-- verifyInvalidLogin -->
        <test-method status="PASS" signature="updateTestRails(org.testng.ITestResult)[pri:0, instance:com.d3.automation.D3AutomationDemo@1c6a36e]" name="updateTestRails" is-config="true" duration-ms="495" started-at="2014-12-10T13:22:55Z" finished-at="2014-12-10T13:22:56Z">
          <params>
            <param index="0">
              <value>
                <![CDATA[[TestResult name=verifyInvalidLogin status=SUCCESS method=D3AutomationDemo.verifyInvalidLogin()[pri:0, instance:com.d3.automation.D3AutomationDemo@1c6a36e] output={null}]]]>
              </value>
            </param>
          </params>
          <reporter-output>
          </reporter-output>
        </test-method> <!-- updateTestRails -->
        <test-method status="PASS" signature="verifyValidLogin()[pri:0, instance:com.d3.automation.D3AutomationDemo@1c6a36e]" name="verifyValidLogin" duration-ms="267" started-at="2014-12-10T13:22:56Z" finished-at="2014-12-10T13:22:56Z">
          <reporter-output>
          </reporter-output>
        </test-method> <!-- verifyValidLogin -->
        <test-method status="PASS" signature="updateTestRails(org.testng.ITestResult)[pri:0, instance:com.d3.automation.D3AutomationDemo@1c6a36e]" name="updateTestRails" is-config="true" duration-ms="473" started-at="2014-12-10T13:22:56Z" finished-at="2014-12-10T13:22:57Z">
          <params>
            <param index="0">
              <value>
                <![CDATA[[TestResult name=verifyValidLogin status=SUCCESS method=D3AutomationDemo.verifyValidLogin()[pri:0, instance:com.d3.automation.D3AutomationDemo@1c6a36e] output={null}]]]>
              </value>
            </param>
          </params>
          <reporter-output>
          </reporter-output>
        </test-method> <!-- updateTestRails -->
        <test-method status="PASS" signature="verifySecretQuestion()[pri:0, instance:com.d3.automation.D3AutomationDemo@1c6a36e]" name="verifySecretQuestion" duration-ms="180" started-at="2014-12-10T13:22:57Z" finished-at="2014-12-10T13:22:57Z">
          <reporter-output>
          </reporter-output>
        </test-method> <!-- verifySecretQuestion -->
        <test-method status="PASS" signature="updateTestRails(org.testng.ITestResult)[pri:0, instance:com.d3.automation.D3AutomationDemo@1c6a36e]" name="updateTestRails" is-config="true" duration-ms="468" started-at="2014-12-10T13:22:57Z" finished-at="2014-12-10T13:22:57Z">
          <params>
            <param index="0">
              <value>
                <![CDATA[[TestResult name=verifySecretQuestion status=SUCCESS method=D3AutomationDemo.verifySecretQuestion()[pri:0, instance:com.d3.automation.D3AutomationDemo@1c6a36e] output={null}]]]>
              </value>
            </param>
          </params>
          <reporter-output>
          </reporter-output>
        </test-method> <!-- updateTestRails -->
        <test-method status="PASS" signature="verifyPlanButton()[pri:0, instance:com.d3.automation.D3AutomationDemo@1c6a36e]" name="verifyPlanButton" duration-ms="670" started-at="2014-12-10T13:22:57Z" finished-at="2014-12-10T13:22:58Z">
          <reporter-output>
          </reporter-output>
        </test-method> <!-- verifyPlanButton -->
        <test-method status="PASS" signature="updateTestRails(org.testng.ITestResult)[pri:0, instance:com.d3.automation.D3AutomationDemo@1c6a36e]" name="updateTestRails" is-config="true" duration-ms="470" started-at="2014-12-10T13:22:58Z" finished-at="2014-12-10T13:22:58Z">
          <params>
            <param index="0">
              <value>
                <![CDATA[[TestResult name=verifyPlanButton status=SUCCESS method=D3AutomationDemo.verifyPlanButton()[pri:0, instance:com.d3.automation.D3AutomationDemo@1c6a36e] output={null}]]]>
              </value>
            </param>
          </params>
          <reporter-output>
          </reporter-output>
        </test-method> <!-- updateTestRails -->
        <test-method status="PASS" signature="verifyMessagesButton()[pri:0, instance:com.d3.automation.D3AutomationDemo@1c6a36e]" name="verifyMessagesButton" duration-ms="73" started-at="2014-12-10T13:22:58Z" finished-at="2014-12-10T13:22:58Z">
          <reporter-output>
          </reporter-output>
        </test-method> <!-- verifyMessagesButton -->
        <test-method status="PASS" signature="updateTestRails(org.testng.ITestResult)[pri:0, instance:com.d3.automation.D3AutomationDemo@1c6a36e]" name="updateTestRails" is-config="true" duration-ms="474" started-at="2014-12-10T13:22:58Z" finished-at="2014-12-10T13:22:59Z">
          <params>
            <param index="0">
              <value>
                <![CDATA[[TestResult name=verifyMessagesButton status=SUCCESS method=D3AutomationDemo.verifyMessagesButton()[pri:0, instance:com.d3.automation.D3AutomationDemo@1c6a36e] output={null}]]]>
              </value>
            </param>
          </params>
          <reporter-output>
          </reporter-output>
        </test-method> <!-- updateTestRails -->
        <test-method status="PASS" signature="verifyAccountsButton()[pri:0, instance:com.d3.automation.D3AutomationDemo@1c6a36e]" name="verifyAccountsButton" duration-ms="82" started-at="2014-12-10T13:22:59Z" finished-at="2014-12-10T13:22:59Z">
          <reporter-output>
          </reporter-output>
        </test-method> <!-- verifyAccountsButton -->
        <test-method status="PASS" signature="updateTestRails(org.testng.ITestResult)[pri:0, instance:com.d3.automation.D3AutomationDemo@1c6a36e]" name="updateTestRails" is-config="true" duration-ms="470" started-at="2014-12-10T13:22:59Z" finished-at="2014-12-10T13:22:59Z">
          <params>
            <param index="0">
              <value>
                <![CDATA[[TestResult name=verifyAccountsButton status=SUCCESS method=D3AutomationDemo.verifyAccountsButton()[pri:0, instance:com.d3.automation.D3AutomationDemo@1c6a36e] output={null}]]]>
              </value>
            </param>
          </params>
          <reporter-output>
          </reporter-output>
        </test-method> <!-- updateTestRails -->
        <test-method status="PASS" signature="verifyTransactionsButton()[pri:0, instance:com.d3.automation.D3AutomationDemo@1c6a36e]" name="verifyTransactionsButton" duration-ms="104" started-at="2014-12-10T13:22:59Z" finished-at="2014-12-10T13:23:00Z">
          <reporter-output>
          </reporter-output>
        </test-method> <!-- verifyTransactionsButton -->
        <test-method status="PASS" signature="updateTestRails(org.testng.ITestResult)[pri:0, instance:com.d3.automation.D3AutomationDemo@1c6a36e]" name="updateTestRails" is-config="true" duration-ms="468" started-at="2014-12-10T13:23:00Z" finished-at="2014-12-10T13:23:00Z">
          <params>
            <param index="0">
              <value>
                <![CDATA[[TestResult name=verifyTransactionsButton status=SUCCESS method=D3AutomationDemo.verifyTransactionsButton()[pri:0, instance:com.d3.automation.D3AutomationDemo@1c6a36e] output={null}]]]>
              </value>
            </param>
          </params>
          <reporter-output>
          </reporter-output>
        </test-method> <!-- updateTestRails -->
        <test-method status="PASS" signature="verifyMoneyMovementButton()[pri:0, instance:com.d3.automation.D3AutomationDemo@1c6a36e]" name="verifyMoneyMovementButton" duration-ms="73" started-at="2014-12-10T13:23:00Z" finished-at="2014-12-10T13:23:00Z">
          <reporter-output>
          </reporter-output>
        </test-method> <!-- verifyMoneyMovementButton -->
        <test-method status="PASS" signature="updateTestRails(org.testng.ITestResult)[pri:0, instance:com.d3.automation.D3AutomationDemo@1c6a36e]" name="updateTestRails" is-config="true" duration-ms="477" started-at="2014-12-10T13:23:00Z" finished-at="2014-12-10T13:23:01Z">
          <params>
            <param index="0">
              <value>
                <![CDATA[[TestResult name=verifyMoneyMovementButton status=SUCCESS method=D3AutomationDemo.verifyMoneyMovementButton()[pri:0, instance:com.d3.automation.D3AutomationDemo@1c6a36e] output={null}]]]>
              </value>
            </param>
          </params>
          <reporter-output>
          </reporter-output>
        </test-method> <!-- updateTestRails -->
        <test-method status="PASS" signature="verifyPlanningButton()[pri:0, instance:com.d3.automation.D3AutomationDemo@1c6a36e]" name="verifyPlanningButton" duration-ms="77" started-at="2014-12-10T13:23:01Z" finished-at="2014-12-10T13:23:01Z">
          <reporter-output>
          </reporter-output>
        </test-method> <!-- verifyPlanningButton -->
        <test-method status="PASS" signature="updateTestRails(org.testng.ITestResult)[pri:0, instance:com.d3.automation.D3AutomationDemo@1c6a36e]" name="updateTestRails" is-config="true" duration-ms="463" started-at="2014-12-10T13:23:01Z" finished-at="2014-12-10T13:23:01Z">
          <params>
            <param index="0">
              <value>
                <![CDATA[[TestResult name=verifyPlanningButton status=SUCCESS method=D3AutomationDemo.verifyPlanningButton()[pri:0, instance:com.d3.automation.D3AutomationDemo@1c6a36e] output={null}]]]>
              </value>
            </param>
          </params>
          <reporter-output>
          </reporter-output>
        </test-method> <!-- updateTestRails -->
        <test-method status="PASS" signature="verifyHelpButton()[pri:0, instance:com.d3.automation.D3AutomationDemo@1c6a36e]" name="verifyHelpButton" duration-ms="81" started-at="2014-12-10T13:23:01Z" finished-at="2014-12-10T13:23:01Z">
          <reporter-output>
          </reporter-output>
        </test-method> <!-- verifyHelpButton -->
        <test-method status="PASS" signature="updateTestRails(org.testng.ITestResult)[pri:0, instance:com.d3.automation.D3AutomationDemo@1c6a36e]" name="updateTestRails" is-config="true" duration-ms="1140" started-at="2014-12-10T13:23:01Z" finished-at="2014-12-10T13:23:02Z">
          <params>
            <param index="0">
              <value>
                <![CDATA[[TestResult name=verifyHelpButton status=SUCCESS method=D3AutomationDemo.verifyHelpButton()[pri:0, instance:com.d3.automation.D3AutomationDemo@1c6a36e] output={null}]]]>
              </value>
            </param>
          </params>
          <reporter-output>
          </reporter-output>
        </test-method> <!-- updateTestRails -->
        <test-method status="PASS" signature="verifySettingsButton()[pri:0, instance:com.d3.automation.D3AutomationDemo@1c6a36e]" name="verifySettingsButton" duration-ms="134" started-at="2014-12-10T13:23:02Z" finished-at="2014-12-10T13:23:02Z">
          <reporter-output>
          </reporter-output>
        </test-method> <!-- verifySettingsButton -->
        <test-method status="PASS" signature="updateTestRails(org.testng.ITestResult)[pri:0, instance:com.d3.automation.D3AutomationDemo@1c6a36e]" name="updateTestRails" is-config="true" duration-ms="796" started-at="2014-12-10T13:23:02Z" finished-at="2014-12-10T13:23:03Z">
          <params>
            <param index="0">
              <value>
                <![CDATA[[TestResult name=verifySettingsButton status=SUCCESS method=D3AutomationDemo.verifySettingsButton()[pri:0, instance:com.d3.automation.D3AutomationDemo@1c6a36e] output={null}]]]>
              </value>
            </param>
          </params>
          <reporter-output>
          </reporter-output>
        </test-method> <!-- updateTestRails -->
        <test-method status="PASS" signature="terminateBrowser()[pri:0, instance:com.d3.automation.D3AutomationDemo@1c6a36e]" name="terminateBrowser" is-config="true" duration-ms="1168" started-at="2014-12-10T13:23:03Z" finished-at="2014-12-10T13:23:04Z">
          <reporter-output>
          </reporter-output>
        </test-method> <!-- terminateBrowser -->
      </class> <!-- com.d3.automation.D3AutomationDemo -->
    </test> <!-- Default test -->
  </suite> <!-- Default suite -->
</testng-results>
